<?xml version="1.0" encoding="UTF-8"?>
<!-- Generated by org.testng.reporters.JUnitReportReporter -->
<testsuite skipped="0" hostname="TL0017" name="com.leafBot.testcases.TC001_LoginLogOut" tests="1" failures="0" timestamp="2022-05-02T17:27:39 IST" time="13.366" errors="0">
  <testcase name="createLeaf" time="13.366" classname="com.leafBot.testcases.TC001_LoginLogOut"/>
  <system-out/>
</testsuite> <!-- com.leafBot.testcases.TC001_LoginLogOut -->
